# JRE version: OpenJDK Runtime Environment (8.0_152-b01) (build 1.8.0_152-release-1343-b01)
# Java VM: OpenJDK 64-Bit Server VM (25.152-b01 mixed mode windows-amd64 compressed oops)
Heap:
 PSYoungGen      total 122368K, used 35120K [0x00000000e0000000, 0x00000000eae80000, 0x0000000100000000)
  eden space 111104K, 31% used [0x00000000e0000000,0x00000000e224c0f8,0x00000000e6c80000)
  from space 11264K, 0% used [0x00000000e6c80000,0x00000000e6c80000,0x00000000e7780000)
  to   space 11776K, 0% used [0x00000000ea300000,0x00000000ea300000,0x00000000eae80000)
 ParOldGen       total 55808K, used 16891K [0x00000000a0000000, 0x00000000a3680000, 0x00000000e0000000)
  object space 55808K, 30% used [0x00000000a0000000,0x00000000a107edc0,0x00000000a3680000)
 Metaspace       used 39800K, capacity 40606K, committed 40872K, reserved 1085440K
  class space    used 5438K, capacity 5693K, committed 5800K, reserved 1048576K
GC Heap History (10 events):
Event: 3.635 GC heap before
{Heap before GC invocations=7 (full 1):
 PSYoungGen      total 76288K, used 6381K [0x00000000e0000000, 0x00000000e5500000, 0x0000000100000000)
  eden space 66560K, 0% used [0x00000000e0000000,0x00000000e0000000,0x00000000e4100000)
  from space 9728K, 65% used [0x00000000e4b80000,0x00000000e51bb690,0x00000000e5500000)
  to   space 10240K, 0% used [0x00000000e4100000,0x00000000e4100000,0x00000000e4b00000)
 ParOldGen       total 87552K, used 9232K [0x00000000a0000000, 0x00000000a5580000, 0x00000000e0000000)
  object space 87552K, 10% used [0x00000000a0000000,0x00000000a0904190,0x00000000a5580000)
 Metaspace       used 20662K, capacity 21118K, committed 21296K, reserved 1067008K
  class space    used 2900K, capacity 3091K, committed 3200K, reserved 1048576K
Event: 3.677 GC heap after
Heap after GC invocations=7 (full 1):
 PSYoungGen      total 76288K, used 0K [0x00000000e0000000, 0x00000000e5500000, 0x0000000100000000)
  eden space 66560K, 0% used [0x00000000e0000000,0x00000000e0000000,0x00000000e4100000)
  from space 9728K, 0% used [0x00000000e4b80000,0x00000000e4b80000,0x00000000e5500000)
  to   space 10240K, 0% used [0x00000000e4100000,0x00000000e4100000,0x00000000e4b00000)
 ParOldGen       total 55808K, used 7731K [0x00000000a0000000, 0x00000000a3680000, 0x00000000e0000000)
  object space 55808K, 13% used [0x00000000a0000000,0x00000000a078cc70,0x00000000a3680000)
 Metaspace       used 20662K, capacity 21118K, committed 21296K, reserved 1067008K
  class space    used 2900K, capacity 3091K, committed 3200K, reserved 1048576K
}
Event: 4.578 GC heap before
{Heap before GC invocations=8 (full 1):
 PSYoungGen      total 76288K, used 66560K [0x00000000e0000000, 0x00000000e5500000, 0x0000000100000000)
  eden space 66560K, 100% used [0x00000000e0000000,0x00000000e4100000,0x00000000e4100000)
  from space 9728K, 0% used [0x00000000e4b80000,0x00000000e4b80000,0x00000000e5500000)
  to   space 10240K, 0% used [0x00000000e4100000,0x00000000e4100000,0x00000000e4b00000)
 ParOldGen       total 55808K, used 7731K [0x00000000a0000000, 0x00000000a3680000, 0x00000000e0000000)
  object space 55808K, 13% used [0x00000000a0000000,0x00000000a078cc70,0x00000000a3680000)
 Metaspace       used 28797K, capacity 29308K, committed 29440K, reserved 1075200K
  class space    used 3872K, capacity 4040K, committed 4096K, reserved 1048576K
Event: 4.588 GC heap after
Heap after GC invocations=8 (full 1):
 PSYoungGen      total 76800K, used 7993K [0x00000000e0000000, 0x00000000e8200000, 0x0000000100000000)
  eden space 66560K, 0% used [0x00000000e0000000,0x00000000e0000000,0x00000000e4100000)
  from space 10240K, 78% used [0x00000000e4100000,0x00000000e48ce798,0x00000000e4b00000)
  to   space 10752K, 0% used [0x00000000e7780000,0x00000000e7780000,0x00000000e8200000)
 ParOldGen       total 55808K, used 7739K [0x00000000a0000000, 0x00000000a3680000, 0x00000000e0000000)
  object space 55808K, 13% used [0x00000000a0000000,0x00000000a078ec70,0x00000000a3680000)
 Metaspace       used 28797K, capacity 29308K, committed 29440K, reserved 1075200K
  class space    used 3872K, capacity 4040K, committed 4096K, reserved 1048576K
}
Event: 5.140 GC heap before
{Heap before GC invocations=9 (full 1):
 PSYoungGen      total 76800K, used 74553K [0x00000000e0000000, 0x00000000e8200000, 0x0000000100000000)
  eden space 66560K, 100% used [0x00000000e0000000,0x00000000e4100000,0x00000000e4100000)
  from space 10240K, 78% used [0x00000000e4100000,0x00000000e48ce798,0x00000000e4b00000)
  to   space 10752K, 0% used [0x00000000e7780000,0x00000000e7780000,0x00000000e8200000)
 ParOldGen       total 55808K, used 7739K [0x00000000a0000000, 0x00000000a3680000, 0x00000000e0000000)
  object space 55808K, 13% used [0x00000000a0000000,0x00000000a078ec70,0x00000000a3680000)
 Metaspace       used 31925K, capacity 32468K, committed 32768K, reserved 1077248K
  class space    used 4392K, capacity 4558K, committed 4608K, reserved 1048576K
Event: 5.150 GC heap after
Heap after GC invocations=9 (full 1):
 PSYoungGen      total 121856K, used 8869K [0x00000000e0000000, 0x00000000e8280000, 0x0000000100000000)
  eden space 111104K, 0% used [0x00000000e0000000,0x00000000e0000000,0x00000000e6c80000)
  from space 10752K, 82% used [0x00000000e7780000,0x00000000e8029470,0x00000000e8200000)
  to   space 11264K, 0% used [0x00000000e6c80000,0x00000000e6c80000,0x00000000e7780000)
 ParOldGen       total 55808K, used 7747K [0x00000000a0000000, 0x00000000a3680000, 0x00000000e0000000)
  object space 55808K, 13% used [0x00000000a0000000,0x00000000a0790c70,0x00000000a3680000)
 Metaspace       used 31925K, capacity 32468K, committed 32768K, reserved 1077248K
  class space    used 4392K, capacity 4558K, committed 4608K, reserved 1048576K
}
Event: 5.840 GC heap before
{Heap before GC invocations=10 (full 1):
 PSYoungGen      total 121856K, used 59933K [0x00000000e0000000, 0x00000000e8280000, 0x0000000100000000)
  eden space 111104K, 45% used [0x00000000e0000000,0x00000000e31de1b8,0x00000000e6c80000)
  from space 10752K, 82% used [0x00000000e7780000,0x00000000e8029470,0x00000000e8200000)
  to   space 11264K, 0% used [0x00000000e6c80000,0x00000000e6c80000,0x00000000e7780000)
 ParOldGen       total 55808K, used 7747K [0x00000000a0000000, 0x00000000a3680000, 0x00000000e0000000)
  object space 55808K, 13% used [0x00000000a0000000,0x00000000a0790c70,0x00000000a3680000)
 Metaspace       used 34635K, capacity 35416K, committed 35496K, reserved 1079296K
  class space    used 4777K, capacity 5001K, committed 5032K, reserved 1048576K
Event: 5.853 GC heap after
Heap after GC invocations=10 (full 1):
 PSYoungGen      total 122368K, used 10107K [0x00000000e0000000, 0x00000000eae80000, 0x0000000100000000)
  eden space 111104K, 0% used [0x00000000e0000000,0x00000000e0000000,0x00000000e6c80000)
  from space 11264K, 89% used [0x00000000e6c80000,0x00000000e765ef20,0x00000000e7780000)
  to   space 11776K, 0% used [0x00000000ea300000,0x00000000ea300000,0x00000000eae80000)
 ParOldGen       total 55808K, used 7755K [0x00000000a0000000, 0x00000000a3680000, 0x00000000e0000000)
  object space 55808K, 13% used [0x00000000a0000000,0x00000000a0792c70,0x00000000a3680000)
 Metaspace       used 34635K, capacity 35416K, committed 35496K, reserved 1079296K
  class space    used 4777K, capacity 5001K, committed 5032K, reserved 1048576K
}
Event: 5.853 GC heap before
{Heap before GC invocations=11 (full 2):
 PSYoungGen      total 122368K, used 10107K [0x00000000e0000000, 0x00000000eae80000, 0x0000000100000000)
  eden space 111104K, 0% used [0x00000000e0000000,0x00000000e0000000,0x00000000e6c80000)
  from space 11264K, 89% used [0x00000000e6c80000,0x00000000e765ef20,0x00000000e7780000)
  to   space 11776K, 0% used [0x00000000ea300000,0x00000000ea300000,0x00000000eae80000)
 ParOldGen       total 55808K, used 7755K [0x00000000a0000000, 0x00000000a3680000, 0x00000000e0000000)
  object space 55808K, 13% used [0x00000000a0000000,0x00000000a0792c70,0x00000000a3680000)
 Metaspace       used 34635K, capacity 35416K, committed 35496K, reserved 1079296K
  class space    used 4777K, capacity 5001K, committed 5032K, reserved 1048576K
Event: 5.917 GC heap after
Heap after GC invocations=11 (full 2):
 PSYoungGen      total 122368K, used 0K [0x00000000e0000000, 0x00000000eae80000, 0x0000000100000000)
  eden space 111104K, 0% used [0x00000000e0000000,0x00000000e0000000,0x00000000e6c80000)
  from space 11264K, 0% used [0x00000000e6c80000,0x00000000e6c80000,0x00000000e7780000)
  to   space 11776K, 0% used [0x00000000ea300000,0x00000000ea300000,0x00000000eae80000)
 ParOldGen       total 55808K, used 16891K [0x00000000a0000000, 0x00000000a3680000, 0x00000000e0000000)
  object space 55808K, 30% used [0x00000000a0000000,0x00000000a107edc0,0x00000000a3680000)
 Metaspace       used 34612K, capacity 35338K, committed 35496K, reserved 1079296K
  class space    used 4770K, capacity 4988K, committed 5032K, reserved 1048576K
}

