# JRE version: OpenJDK Runtime Environment (8.0_152-b01) (build 1.8.0_152-release-1343-b01)
# Java VM: OpenJDK 64-Bit Server VM (25.152-b01 mixed mode windows-amd64 compressed oops)
Heap:
 PSYoungGen      total 109056K, used 57736K [0x00000000e0000000, 0x00000000e8e00000, 0x0000000100000000)
  eden space 97792K, 59% used [0x00000000e0000000,0x00000000e38621c8,0x00000000e5f80000)
  from space 11264K, 0% used [0x00000000e5f80000,0x00000000e5f80000,0x00000000e6a80000)
  to   space 11776K, 0% used [0x00000000e8280000,0x00000000e8280000,0x00000000e8e00000)
 ParOldGen       total 99328K, used 16807K [0x00000000a0000000, 0x00000000a6100000, 0x00000000e0000000)
  object space 99328K, 16% used [0x00000000a0000000,0x00000000a1069ce0,0x00000000a6100000)
 Metaspace       used 41527K, capacity 42448K, committed 42792K, reserved 1085440K
  class space    used 5651K, capacity 5902K, committed 5928K, reserved 1048576K
GC Heap History (10 events):
Event: 4.006 GC heap before
{Heap before GC invocations=7 (full 1):
 PSYoungGen      total 76288K, used 6359K [0x00000000e0000000, 0x00000000e5500000, 0x0000000100000000)
  eden space 66560K, 0% used [0x00000000e0000000,0x00000000e0000000,0x00000000e4100000)
  from space 9728K, 65% used [0x00000000e4b80000,0x00000000e51b5f70,0x00000000e5500000)
  to   space 10240K, 0% used [0x00000000e4100000,0x00000000e4100000,0x00000000e4b00000)
 ParOldGen       total 87552K, used 9171K [0x00000000a0000000, 0x00000000a5580000, 0x00000000e0000000)
  object space 87552K, 10% used [0x00000000a0000000,0x00000000a08f4c48,0x00000000a5580000)
 Metaspace       used 20666K, capacity 21114K, committed 21296K, reserved 1067008K
  class space    used 2901K, capacity 3091K, committed 3200K, reserved 1048576K
Event: 4.090 GC heap after
Heap after GC invocations=7 (full 1):
 PSYoungGen      total 76288K, used 0K [0x00000000e0000000, 0x00000000e5500000, 0x0000000100000000)
  eden space 66560K, 0% used [0x00000000e0000000,0x00000000e0000000,0x00000000e4100000)
  from space 9728K, 0% used [0x00000000e4b80000,0x00000000e4b80000,0x00000000e5500000)
  to   space 10240K, 0% used [0x00000000e4100000,0x00000000e4100000,0x00000000e4b00000)
 ParOldGen       total 62464K, used 8151K [0x00000000a0000000, 0x00000000a3d00000, 0x00000000e0000000)
  object space 62464K, 13% used [0x00000000a0000000,0x00000000a07f5c90,0x00000000a3d00000)
 Metaspace       used 20666K, capacity 21114K, committed 21296K, reserved 1067008K
  class space    used 2901K, capacity 3091K, committed 3200K, reserved 1048576K
}
Event: 5.472 GC heap before
{Heap before GC invocations=8 (full 1):
 PSYoungGen      total 76288K, used 66560K [0x00000000e0000000, 0x00000000e5500000, 0x0000000100000000)
  eden space 66560K, 100% used [0x00000000e0000000,0x00000000e4100000,0x00000000e4100000)
  from space 9728K, 0% used [0x00000000e4b80000,0x00000000e4b80000,0x00000000e5500000)
  to   space 10240K, 0% used [0x00000000e4100000,0x00000000e4100000,0x00000000e4b00000)
 ParOldGen       total 62464K, used 8151K [0x00000000a0000000, 0x00000000a3d00000, 0x00000000e0000000)
  object space 62464K, 13% used [0x00000000a0000000,0x00000000a07f5c90,0x00000000a3d00000)
 Metaspace       used 28776K, capacity 29234K, committed 29440K, reserved 1075200K
  class space    used 3869K, capacity 4038K, committed 4096K, reserved 1048576K
Event: 5.483 GC heap after
Heap after GC invocations=8 (full 1):
 PSYoungGen      total 76800K, used 8006K [0x00000000e0000000, 0x00000000e7580000, 0x0000000100000000)
  eden space 66560K, 0% used [0x00000000e0000000,0x00000000e0000000,0x00000000e4100000)
  from space 10240K, 78% used [0x00000000e4100000,0x00000000e48d1b08,0x00000000e4b00000)
  to   space 10752K, 0% used [0x00000000e6b00000,0x00000000e6b00000,0x00000000e7580000)
 ParOldGen       total 62464K, used 8159K [0x00000000a0000000, 0x00000000a3d00000, 0x00000000e0000000)
  object space 62464K, 13% used [0x00000000a0000000,0x00000000a07f7c90,0x00000000a3d00000)
 Metaspace       used 28776K, capacity 29234K, committed 29440K, reserved 1075200K
  class space    used 3869K, capacity 4038K, committed 4096K, reserved 1048576K
}
Event: 6.079 GC heap before
{Heap before GC invocations=9 (full 1):
 PSYoungGen      total 76800K, used 74566K [0x00000000e0000000, 0x00000000e7580000, 0x0000000100000000)
  eden space 66560K, 100% used [0x00000000e0000000,0x00000000e4100000,0x00000000e4100000)
  from space 10240K, 78% used [0x00000000e4100000,0x00000000e48d1b08,0x00000000e4b00000)
  to   space 10752K, 0% used [0x00000000e6b00000,0x00000000e6b00000,0x00000000e7580000)
 ParOldGen       total 62464K, used 8159K [0x00000000a0000000, 0x00000000a3d00000, 0x00000000e0000000)
  object space 62464K, 13% used [0x00000000a0000000,0x00000000a07f7c90,0x00000000a3d00000)
 Metaspace       used 31953K, capacity 32464K, committed 32768K, reserved 1077248K
  class space    used 4396K, capacity 4558K, committed 4608K, reserved 1048576K
Event: 6.088 GC heap after
Heap after GC invocations=9 (full 1):
 PSYoungGen      total 108544K, used 8919K [0x00000000e0000000, 0x00000000e7580000, 0x0000000100000000)
  eden space 97792K, 0% used [0x00000000e0000000,0x00000000e0000000,0x00000000e5f80000)
  from space 10752K, 82% used [0x00000000e6b00000,0x00000000e73b5da8,0x00000000e7580000)
  to   space 11264K, 0% used [0x00000000e5f80000,0x00000000e5f80000,0x00000000e6a80000)
 ParOldGen       total 62464K, used 8167K [0x00000000a0000000, 0x00000000a3d00000, 0x00000000e0000000)
  object space 62464K, 13% used [0x00000000a0000000,0x00000000a07f9c90,0x00000000a3d00000)
 Metaspace       used 31953K, capacity 32464K, committed 32768K, reserved 1077248K
  class space    used 4396K, capacity 4558K, committed 4608K, reserved 1048576K
}
Event: 12.222 GC heap before
{Heap before GC invocations=10 (full 1):
 PSYoungGen      total 108544K, used 58267K [0x00000000e0000000, 0x00000000e7580000, 0x0000000100000000)
  eden space 97792K, 50% used [0x00000000e0000000,0x00000000e30310b0,0x00000000e5f80000)
  from space 10752K, 82% used [0x00000000e6b00000,0x00000000e73b5da8,0x00000000e7580000)
  to   space 11264K, 0% used [0x00000000e5f80000,0x00000000e5f80000,0x00000000e6a80000)
 ParOldGen       total 62464K, used 8167K [0x00000000a0000000, 0x00000000a3d00000, 0x00000000e0000000)
  object space 62464K, 13% used [0x00000000a0000000,0x00000000a07f9c90,0x00000000a3d00000)
 Metaspace       used 34661K, capacity 35454K, committed 35496K, reserved 1079296K
  class space    used 4781K, capacity 5008K, committed 5032K, reserved 1048576K
Event: 12.238 GC heap after
Heap after GC invocations=10 (full 1):
 PSYoungGen      total 109056K, used 10117K [0x00000000e0000000, 0x00000000e8e00000, 0x0000000100000000)
  eden space 97792K, 0% used [0x00000000e0000000,0x00000000e0000000,0x00000000e5f80000)
  from space 11264K, 89% used [0x00000000e5f80000,0x00000000e69615f0,0x00000000e6a80000)
  to   space 11776K, 0% used [0x00000000e8280000,0x00000000e8280000,0x00000000e8e00000)
 ParOldGen       total 62464K, used 8175K [0x00000000a0000000, 0x00000000a3d00000, 0x00000000e0000000)
  object space 62464K, 13% used [0x00000000a0000000,0x00000000a07fbc90,0x00000000a3d00000)
 Metaspace       used 34661K, capacity 35454K, committed 35496K, reserved 1079296K
  class space    used 4781K, capacity 5008K, committed 5032K, reserved 1048576K
}
Event: 12.238 GC heap before
{Heap before GC invocations=11 (full 2):
 PSYoungGen      total 109056K, used 10117K [0x00000000e0000000, 0x00000000e8e00000, 0x0000000100000000)
  eden space 97792K, 0% used [0x00000000e0000000,0x00000000e0000000,0x00000000e5f80000)
  from space 11264K, 89% used [0x00000000e5f80000,0x00000000e69615f0,0x00000000e6a80000)
  to   space 11776K, 0% used [0x00000000e8280000,0x00000000e8280000,0x00000000e8e00000)
 ParOldGen       total 62464K, used 8175K [0x00000000a0000000, 0x00000000a3d00000, 0x00000000e0000000)
  object space 62464K, 13% used [0x00000000a0000000,0x00000000a07fbc90,0x00000000a3d00000)
 Metaspace       used 34661K, capacity 35454K, committed 35496K, reserved 1079296K
  class space    used 4781K, capacity 5008K, committed 5032K, reserved 1048576K
Event: 12.394 GC heap after
Heap after GC invocations=11 (full 2):
 PSYoungGen      total 109056K, used 0K [0x00000000e0000000, 0x00000000e8e00000, 0x0000000100000000)
  eden space 97792K, 0% used [0x00000000e0000000,0x00000000e0000000,0x00000000e5f80000)
  from space 11264K, 0% used [0x00000000e5f80000,0x00000000e5f80000,0x00000000e6a80000)
  to   space 11776K, 0% used [0x00000000e8280000,0x00000000e8280000,0x00000000e8e00000)
 ParOldGen       total 99328K, used 16807K [0x00000000a0000000, 0x00000000a6100000, 0x00000000e0000000)
  object space 99328K, 16% used [0x00000000a0000000,0x00000000a1069ce0,0x00000000a6100000)
 Metaspace       used 34625K, capacity 35334K, committed 35496K, reserved 1079296K
  class space    used 4770K, capacity 4988K, committed 5032K, reserved 1048576K
}

